[2023-08-28 13:12:23] local.INFO: 2023-08-28 ImageFile /tmp/phpek3zjz  
[2023-08-28 14:57:57] local.INFO: 2023-08-28 ImageFile /tmp/phpTiZFNa  
[2023-08-28 16:33:40] local.INFO: 2023-08-28 ImageFile /tmp/phpWdJ0GQ  
[2023-08-28 16:48:53] local.INFO: 2023-08-28 ImageFile /tmp/php3irAHD  
[2023-08-28 22:44:09] local.INFO: 2023-08-28 ImageFile /tmp/phpCPEtZ3  
[2023-08-28 22:47:53] local.INFO: 2023-08-28 ImageFile /tmp/phpepA2wx  
[2023-08-29 09:42:55] local.INFO: 2023-08-29 ImageFile /tmp/phpkj86PL  
[2023-08-29 13:22:45] local.INFO: 2023-08-29 ImageFile /tmp/phpI8hPni  
[2023-08-30 20:04:07] local.INFO: 2023-08-30 ImageFile /tmp/phpPCmIGv  
[2023-09-01 10:52:45] local.INFO: 2023-09-01 ImageFile /tmp/phpEoDS8a  
[2023-09-01 10:59:00] local.INFO: 2023-09-01 ImageFile /tmp/phpqR1Ul1  
[2023-09-01 11:08:51] local.INFO: 2023-09-01 ImageFile /tmp/phpjD2y1d  
[2023-09-01 11:10:21] local.INFO: 2023-09-01 ImageFile /tmp/phpgPIyh3  
[2023-09-01 11:14:11] local.INFO: 2023-09-01 ImageFile /tmp/phpTwxkZ3  
[2023-09-01 11:14:11] local.INFO: 2023-09-01 ImageFile /tmp/phpHk94lv  
[2023-09-01 11:14:11] local.INFO: 2023-09-01 ImageFile /tmp/phpj80OCC  
[2023-09-01 11:14:47] local.INFO: 2023-09-01 ImageFile /tmp/phpv2d839  
[2023-09-01 11:14:47] local.INFO: 2023-09-01 ImageFile /tmp/phpzSMUH5  
[2023-09-01 11:14:47] local.INFO: 2023-09-01 ImageFile /tmp/phpv7DDqe  
[2023-09-02 02:01:32] local.INFO: 2023-09-02 ImageFile /tmp/phpg1s5i1  
[2023-09-02 02:03:25] local.INFO: 2023-09-02 ImageFile /tmp/phpUkJviC  
[2023-09-02 02:07:05] local.INFO: 2023-09-02 ImageFile /tmp/phpP72T7P  
[2023-09-02 02:07:46] local.INFO: 2023-09-02 ImageFile /tmp/phpBEypDY  
[2023-09-02 02:09:30] local.INFO: 2023-09-02 ImageFile /tmp/phpo9u4EN  
[2023-09-02 02:19:37] local.INFO: 2023-09-02 ImageFile /tmp/phplRoNxQ  
[2023-09-02 02:20:26] local.INFO: 2023-09-02 ImageFile /tmp/phpqZ8xJ2  
[2023-09-02 02:35:21] local.INFO: 2023-09-02 ImageFile /tmp/phpu0ZcjW  
[2023-09-02 02:41:25] local.INFO: 2023-09-02 ImageFile /tmp/phpFtBIQ2  
[2023-09-02 02:52:45] local.INFO: 2023-09-02 ImageFile /tmp/phplmljIV  
[2023-09-02 03:04:26] local.INFO: 2023-09-02 ImageFile /tmp/phpV8bm7F  
[2023-09-02 03:05:45] local.INFO: 2023-09-02 ImageFile /tmp/phpcmJbcN  
[2023-09-02 03:18:24] local.INFO: 2023-09-02 ImageFile /tmp/phpsSYn3G  
[2023-09-02 15:24:06] local.INFO: 2023-09-02 ImageFile /tmp/phpo8g0mJ  
[2023-09-02 20:47:52] local.INFO: 2023-09-02 ImageFile /tmp/phpPXXGcc  
[2023-09-02 21:25:13] local.INFO: 2023-09-02 ImageFile /tmp/phplDmpxw  
[2023-09-17 02:31:22] local.INFO: 2023-09-17 ImageFile /tmp/phpJKKxuU  
[2023-09-17 02:31:22] local.INFO: 2023-09-17 ImageFile /tmp/php8tH4Z3  
[2023-09-17 02:31:22] local.INFO: 2023-09-17 ImageFile /tmp/phpaPyhfu  
[2023-09-17 02:32:38] local.INFO: 2023-09-17 ImageFile /tmp/phpWTUg65  
[2023-09-17 02:32:38] local.INFO: 2023-09-17 ImageFile /tmp/php8GMH3G  
[2023-09-17 02:32:38] local.INFO: 2023-09-17 ImageFile /tmp/phptUcXzT  
[2023-09-17 02:38:02] local.INFO: 2023-09-17 ImageFile /tmp/phpQhvNHr  
[2023-09-17 02:38:02] local.INFO: 2023-09-17 ImageFile /tmp/phpdi3P7r  
[2023-09-17 02:38:02] local.INFO: 2023-09-17 ImageFile /tmp/phpbxnNUW  
[2023-09-17 03:24:38] local.INFO: 2023-09-17 ImageFile /tmp/phpCi3haH  
[2023-09-17 03:24:38] local.INFO: 2023-09-17 ImageFile /tmp/phpB1tVuX  
[2023-09-17 03:24:38] local.INFO: 2023-09-17 ImageFile /tmp/phpXITzkk  
[2023-09-17 03:30:20] local.INFO: 2023-09-17 ImageFile /tmp/php1rVJbN  
[2023-09-17 03:30:20] local.INFO: 2023-09-17 ImageFile /tmp/phpzh7ZrZ  
[2023-09-17 03:30:20] local.INFO: 2023-09-17 ImageFile /tmp/phpccfPjT  
[2023-09-17 20:05:40] local.INFO: 2023-09-17 ImageFile /tmp/php5m8FSm  
[2023-09-18 19:28:39] local.INFO: 2023-09-18 ImageFile /tmp/phpbtd0Bc  
[2023-09-18 19:31:38] local.INFO: 2023-09-18 ImageFile /tmp/phpFEwaf0  
[2023-10-02 16:37:23] local.INFO: 2023-10-02 ImageFile /tmp/phpti46kn  
[2023-10-02 16:37:23] local.INFO: 2023-10-02 ImageFile /tmp/phpk0aeEA  
[2023-10-02 16:42:26] local.INFO: 2023-10-02 ImageFile /tmp/phpo18QBR  
[2023-10-02 16:42:26] local.INFO: 2023-10-02 ImageFile /tmp/phpRGI8qT  
[2023-10-02 16:44:23] local.INFO: 2023-10-02 ImageFile /tmp/php7vSIiP  
[2023-10-02 16:44:23] local.INFO: 2023-10-02 ImageFile /tmp/php1OBTjM  
[2023-10-02 23:04:01] local.INFO: 2023-10-02 ImageFile /tmp/phpq04ikw  
[2023-10-02 23:04:01] local.INFO: 2023-10-02 ImageFile /tmp/phpMDTmT7  
[2023-10-02 23:04:01] local.INFO: 2023-10-02 ImageFile /tmp/phpEHQMtJ  
[2023-10-02 23:04:01] local.INFO: 2023-10-02 ImageFile /tmp/phpGfJd6k  
[2023-10-02 23:04:27] local.INFO: 2023-10-02 ImageFile   
[2023-10-02 23:04:37] local.INFO: 2023-10-02 ImageFile   
[2023-10-04 21:16:35] local.INFO: 2023-10-04 ImageFile /tmp/phpNqtrei  
[2023-10-04 21:20:52] local.INFO: 2023-10-04 ImageFile /tmp/phpiLc8d8  
[2023-10-13 18:05:21] local.INFO: 2023-10-13 ImageFile /tmp/phpsV49Y6  
[2023-10-13 18:05:21] local.INFO: 2023-10-13 ImageFile /tmp/phpsT0HGw  
[2023-10-14 17:11:56] local.INFO: 2023-10-14 ImageFile /tmp/phpJg6bYB  
[2023-10-14 17:11:56] local.INFO: 2023-10-14 ImageFile /tmp/php8VZudh  
[2023-10-14 17:11:56] local.INFO: 2023-10-14 ImageFile /tmp/phpGtdSsW  
[2023-10-14 17:11:56] local.INFO: 2023-10-14 ImageFile /tmp/phpHb4iIB  
[2023-11-25 14:10:20] local.INFO: 2023-11-25 ImageFile /tmp/phpKioIPG  
[2023-11-25 14:10:33] local.INFO: 2023-11-25 ImageFile   
[2023-11-25 14:10:39] local.INFO: 2023-11-25 ImageFile   
[2023-12-13 22:31:12] local.INFO: 2023-12-13 ImageFile   
[2023-12-13 22:31:24] local.INFO: 2023-12-13 ImageFile   
[2023-12-13 22:36:29] local.INFO: 2023-12-13 ImageFile   
[2023-12-13 22:38:10] local.INFO: 2023-12-13 ImageFile /tmp/phpy5JpcU  
[2023-12-13 22:38:27] local.INFO: 2023-12-13 ImageFile   
[2023-12-13 22:38:36] local.INFO: 2023-12-13 ImageFile   
[2023-12-13 22:38:42] local.INFO: 2023-12-13 ImageFile   
[2023-12-13 22:39:17] local.INFO: 2023-12-13 ImageFile   
[2023-12-13 22:39:20] local.INFO: 2023-12-13 ImageFile   
[2023-12-13 22:59:44] local.INFO: 2023-12-13 ImageFile /tmp/php4j0Oqz  
[2023-12-14 12:09:43] local.INFO: 2023-12-14 ImageFile /tmp/phpmaAvOj  
[2023-12-14 13:22:54] local.INFO: 2023-12-14 ImageFile /tmp/phpVAmixQ  
[2023-12-14 21:16:51] local.INFO: 2023-12-14 ImageFile /tmp/phpIOxNPo  
[2023-12-14 21:21:53] local.INFO: 2023-12-14 ImageFile /tmp/phpIxRJrD  
[2023-12-14 21:22:09] local.INFO: 2023-12-14 ImageFile   
[2023-12-14 21:28:18] local.INFO: 2023-12-14 ImageFile /tmp/phpTQE4Cs  
[2023-12-14 21:31:30] local.INFO: 2023-12-14 ImageFile /tmp/phpnffVU3  
[2023-12-14 21:49:28] local.INFO: 2023-12-14 ImageFile /tmp/phpW31oUM  
[2023-12-14 22:18:14] local.INFO: 2023-12-14 ImageFile /tmp/phpQKD14S  
[2023-12-14 22:18:14] local.INFO: 2023-12-14 ImageFile /tmp/phpn3ra4X  
[2023-12-14 22:18:14] local.INFO: 2023-12-14 ImageFile /tmp/phpbQAw32  
[2023-12-14 22:18:14] local.INFO: 2023-12-14 ImageFile /tmp/phpZxr727  
[2023-12-14 22:18:14] local.INFO: 2023-12-14 ImageFile /tmp/phpGfpT2c  
[2023-12-14 22:18:14] local.INFO: 2023-12-14 ImageFile /tmp/phpcePP2h  
[2023-12-14 22:21:40] local.INFO: 2023-12-14 ImageFile /tmp/phpVHLMDK  
[2023-12-14 22:26:04] local.INFO: 2023-12-14 ImageFile /tmp/phpCgobpI  
[2023-12-14 22:26:04] local.INFO: 2023-12-14 ImageFile /tmp/phpOeUSaG  
[2023-12-14 22:26:04] local.INFO: 2023-12-14 ImageFile /tmp/phpsgiFWD  
[2023-12-14 22:26:04] local.INFO: 2023-12-14 ImageFile /tmp/phpGUmyIB  
[2023-12-15 15:07:44] local.INFO: 2023-12-15 ImageFile /tmp/phpZD0Lrp  
[2023-12-15 15:10:44] local.INFO: 2023-12-15 ImageFile /tmp/php6AuStT  
[2023-12-15 15:11:39] local.INFO: 2023-12-15 ImageFile /tmp/phpXMltab  
[2023-12-15 15:11:39] local.INFO: 2023-12-15 ImageFile /tmp/phpW5J9Qs  
[2023-12-15 15:11:39] local.INFO: 2023-12-15 ImageFile /tmp/phpzz4YxK  
[2023-12-15 15:13:01] local.INFO: 2023-12-15 ImageFile /tmp/php7B4TT9  
[2023-12-15 15:13:56] local.INFO: 2023-12-15 ImageFile /tmp/phpzzsiC0  
[2023-12-15 21:20:45] local.INFO: 2023-12-15 ImageFile /tmp/php874fMW  
[2023-12-16 18:49:03] local.INFO: 2023-12-16 ImageFile /tmp/phpcP53Z0  
[2023-12-18 17:38:39] local.INFO: 2023-12-18 ImageFile /tmp/phpZIyUVQ  
[2023-12-20 13:19:32] local.INFO: 2023-12-20 ImageFile /tmp/php9TIBp2  
[2023-12-21 17:37:55] local.INFO: 2023-12-21 ImageFile /tmp/phpJuzU5E  
[2023-12-23 13:31:55] local.INFO: 2023-12-23 ImageFile /tmp/php5YSzqz  
[2023-12-23 14:57:25] local.INFO: 2023-12-23 ImageFile /tmp/phpCCwCWZ  
[2023-12-23 14:57:37] local.INFO: 2023-12-23 ImageFile   
[2023-12-24 15:10:37] local.INFO: 2023-12-24 ImageFile /tmp/phpwIyc65  
